<?xml version="1.0" encoding="UTF-8"?>
<testsuite name="com.example.firststepsintoadulthood2.controllers.RegistrationControllerTest" tests="4" skipped="0" failures="0" errors="0" timestamp="2022-05-24T16:47:31" hostname="DESKTOP-T2BA6RS" time="0.023">
  <properties/>
  <testcase name="testAddSameUserTwice()" classname="com.example.firststepsintoadulthood2.controllers.RegistrationControllerTest" time="0.015"/>
  <testcase name="testBadFieldLengths()" classname="com.example.firststepsintoadulthood2.controllers.RegistrationControllerTest" time="0.001"/>
  <testcase name="testNullFields()" classname="com.example.firststepsintoadulthood2.controllers.RegistrationControllerTest" time="0.003"/>
  <testcase name="testHandleAddUserActionCode()" classname="com.example.firststepsintoadulthood2.controllers.RegistrationControllerTest" time="0.003"/>
  <system-out><![CDATA[]]></system-out>
  <system-err><![CDATA[]]></system-err>
</testsuite>
