<?xml version="1.0" encoding="UTF-8"?>
<testsuite name="com.example.firststepsintoadulthood2.controllers.RegistrationControllerTest" tests="5" skipped="0" failures="0" errors="0" timestamp="2022-05-24T18:14:35" hostname="DESKTOP-T2BA6RS" time="0.022">
  <properties/>
  <testcase name="testSwitchToLoginPage()" classname="com.example.firststepsintoadulthood2.controllers.RegistrationControllerTest" time="0.014"/>
  <testcase name="testAddSameUserTwice()" classname="com.example.firststepsintoadulthood2.controllers.RegistrationControllerTest" time="0.001"/>
  <testcase name="testBadFieldLengths()" classname="com.example.firststepsintoadulthood2.controllers.RegistrationControllerTest" time="0.001"/>
  <testcase name="testNullFields()" classname="com.example.firststepsintoadulthood2.controllers.RegistrationControllerTest" time="0.002"/>
  <testcase name="testHandleAddUserActionCode()" classname="com.example.firststepsintoadulthood2.controllers.RegistrationControllerTest" time="0.003"/>
  <system-out><![CDATA[]]></system-out>
  <system-err><![CDATA[]]></system-err>
</testsuite>
